C51 COMPILER V9.53.0.0   STEPPER_MOTOR                                                     06/05/2015 17:06:45 PAGE 1   


C51 COMPILER V9.53.0.0, COMPILATION OF MODULE STEPPER_MOTOR
OBJECT MODULE PLACED IN stepper_motor.OBJ
COMPILER INVOKED BY: C:\Keil_v5\C51\BIN\C51.EXE stepper_motor.c OPTIMIZE(8,SPEED) BROWSE DEBUG OBJECTEXTEND TABS(2)

line level    source

   1          #include<reg51.h>
   2          
   3          void delay()
   4            {
   5   1        unsigned int i;
   6   1        for(i=0;i<30000;i++);
   7   1        }
   8          
   9          void main()
  10            {
  11   1        P2=0X00;    // SETS OUTPUT
  12   1          while(1)
  13   1            {
  14   2            P2=0X01;
  15   2            delay();
  16   2            delay();
  17   2            P2=0X02;
  18   2            delay();
  19   2            delay();
  20   2            P2=0X04;
  21   2            delay();
  22   2            delay();
  23   2            P2=0X08;
  24   2            delay();
  25   2            delay();
  26   2      //      while(1);
  27   2            }
  28   1        }


MODULE INFORMATION:   STATIC OVERLAYABLE
   CODE SIZE        =     53    ----
   CONSTANT SIZE    =   ----    ----
   XDATA SIZE       =   ----    ----
   PDATA SIZE       =   ----    ----
   DATA SIZE        =   ----    ----
   IDATA SIZE       =   ----    ----
   BIT SIZE         =   ----    ----
END OF MODULE INFORMATION.


C51 COMPILATION COMPLETE.  0 WARNING(S),  0 ERROR(S)
