C51 COMPILER V9.53.0.0   MAIN                                                              07/09/2015 16:09:01 PAGE 1   


C51 COMPILER V9.53.0.0, COMPILATION OF MODULE MAIN
OBJECT MODULE PLACED IN main.OBJ
COMPILER INVOKED BY: C:\Keil_v5\C51\BIN\C51.EXE main.c OPTIMIZE(8,SPEED) BROWSE DEBUG OBJECTEXTEND TABS(2)

line level    source

   1          #include<reg51.h>
   2          
   3          void delay();
   4          
   5          void delay()
   6            {
   7   1          unsigned int i;
   8   1          for(i=0;i<20000;i++);
   9   1        }
  10            
  11          void main()
  12            {
  13   1          unsigned char i,ar[]={0x3f,0x06,0x5b,0x4f,0x66,0x6d,0x7d,0x07,0x7f,0x6f};
  14   1          P2=0x00;
  15   1          while(1)
  16   1            {
  17   2              for(i=0;i<10;i++)
  18   2                {
  19   3                  P1= ar[i];
  20   3            //      delay();
  21   3                  delay();
  22   3                //  delay();
  23   3                }
  24   2              }
  25   1          }
  26            


MODULE INFORMATION:   STATIC OVERLAYABLE
   CODE SIZE        =     55    ----
   CONSTANT SIZE    =     10    ----
   XDATA SIZE       =   ----    ----
   PDATA SIZE       =   ----    ----
   DATA SIZE        =   ----      10
   IDATA SIZE       =   ----    ----
   BIT SIZE         =   ----    ----
END OF MODULE INFORMATION.


C51 COMPILATION COMPLETE.  0 WARNING(S),  0 ERROR(S)
