C51 COMPILER V9.53.0.0   MAIN                                                              06/08/2015 15:47:37 PAGE 1   


C51 COMPILER V9.53.0.0, COMPILATION OF MODULE MAIN
OBJECT MODULE PLACED IN main.OBJ
COMPILER INVOKED BY: C:\Keil_v5\C51\BIN\C51.EXE main.c OPTIMIZE(8,SPEED) BROWSE DEBUG OBJECTEXTEND TABS(2)

line level    source

   1          #include<reg51.h>
   2          
   3          sbit rs=P3^0;
   4          sbit en=P3^1;
   5          
   6          void cmd(unsigned char);
   7          void dat(unsigned char);
   8          void delay();
   9          
  10          void delay()
  11            {
  12   1        unsigned int i;
  13   1        for(i=0;i<20000;i++);
  14   1        }
  15          
  16          void inti()
  17            {
  18   1         cmd(0x01);
  19   1         cmd(0x38);
  20   1         cmd(0x06);
  21   1         cmd(0x0e);
  22   1        }
  23          
  24          void cmd(unsigned char cd)
  25            {
  26   1        P2=cd;
  27   1        rs=0;
  28   1        en=0;
  29   1        delay();
  30   1        en=1;
  31   1        }
  32          
  33          void dat(unsigned char da)
  34            {
  35   1        P2=da;
  36   1        rs=1;
  37   1        en=0;
  38   1        delay();
  39   1        en=1;
  40   1        }
  41          
  42          
  43          void main()
  44            {
  45   1        P2=0X00;
  46   1        inti();
  47   1        while(1)
  48   1          {
  49   2          cmd(0x80);
  50   2          dat(48);
  51   2      /*    dat(73);
  52   2          dat(78);
  53   2          dat(68);
  54   2          dat(73);
  55   2          dat(65);*/
C51 COMPILER V9.53.0.0   MAIN                                                              06/08/2015 15:47:37 PAGE 2   

  56   2          while(1);
  57   2          }
  58   1        }
  59             


MODULE INFORMATION:   STATIC OVERLAYABLE
   CODE SIZE        =     77    ----
   CONSTANT SIZE    =   ----    ----
   XDATA SIZE       =   ----    ----
   PDATA SIZE       =   ----    ----
   DATA SIZE        =   ----    ----
   IDATA SIZE       =   ----    ----
   BIT SIZE         =   ----    ----
END OF MODULE INFORMATION.


C51 COMPILATION COMPLETE.  0 WARNING(S),  0 ERROR(S)
