C51 COMPILER V9.53.0.0   MAIN                                                              06/03/2015 11:39:50 PAGE 1   


C51 COMPILER V9.53.0.0, COMPILATION OF MODULE MAIN
OBJECT MODULE PLACED IN main.OBJ
COMPILER INVOKED BY: C:\Keil_v5\C51\BIN\C51.EXE main.c OPTIMIZE(8,SPEED) BROWSE DEBUG OBJECTEXTEND TABS(2)

line level    source

   1          #include<reg51.h>
   2          
   3          sbit sw=P0^0;
   4          
   5          void delay(unsigned int);
   6          
   7          void delay(unsigned int i)  
   8            {
   9   1          int j,k;
  10   1          for(j=0;j<i;j++)
  11   1            {
  12   2              for(k=0;k<1275;k++);
  13   2            }
  14   1        }
  15            
  16          void main()
  17            {
  18   1          P1=0x00;
  19   1            while(1)   // 
  20   1            {
  21   2              if(sw==0)
  22   2              {         
  23   3                while(sw==0);
  24   3                P1=~P1;
  25   3                delay(400);
  26   3              }
  27   2      /*        else
  28   2              {         
  29   2                P1=0x00;        
  30   2      //        delay(40);
  31   2              }*/
  32   2          }
  33   1        }
  34            


MODULE INFORMATION:   STATIC OVERLAYABLE
   CODE SIZE        =     53    ----
   CONSTANT SIZE    =   ----    ----
   XDATA SIZE       =   ----    ----
   PDATA SIZE       =   ----    ----
   DATA SIZE        =   ----    ----
   IDATA SIZE       =   ----    ----
   BIT SIZE         =   ----    ----
END OF MODULE INFORMATION.


C51 COMPILATION COMPLETE.  0 WARNING(S),  0 ERROR(S)
