C51 COMPILER V9.53.0.0   MAIN                                                              07/07/2015 14:14:29 PAGE 1   


C51 COMPILER V9.53.0.0, COMPILATION OF MODULE MAIN
OBJECT MODULE PLACED IN main.OBJ
COMPILER INVOKED BY: C:\Keil_v5\C51\BIN\C51.EXE main.c OPTIMIZE(8,SPEED) BROWSE TABS(2)

line level    source

   1          #include<reg51.h>
   2          //#include"lcd.h"
   3          
   4          void main()
   5            {
   6   1        unsigned char i;
   7   1        TMOD=0x20;
   8   1        SCON=0x50;
   9   1        TH1=0xfd;
  10   1        TR1=1;
  11   1          
  12   1        while(RI==0);
  13   1        RI=0;
  14   1        i=SBUF;
  15   1        P2=i;
  16   1        }
  17            


MODULE INFORMATION:   STATIC OVERLAYABLE
   CODE SIZE        =     21    ----
   CONSTANT SIZE    =   ----    ----
   XDATA SIZE       =   ----    ----
   PDATA SIZE       =   ----    ----
   DATA SIZE        =   ----    ----
   IDATA SIZE       =   ----    ----
   BIT SIZE         =   ----    ----
END OF MODULE INFORMATION.


C51 COMPILATION COMPLETE.  0 WARNING(S),  0 ERROR(S)
