C51 COMPILER V9.53.0.0   MAIN                                                              06/03/2015 11:11:26 PAGE 1   


C51 COMPILER V9.53.0.0, COMPILATION OF MODULE MAIN
OBJECT MODULE PLACED IN main.OBJ
COMPILER INVOKED BY: C:\Keil_v5\C51\BIN\C51.EXE main.c OPTIMIZE(8,SPEED) BROWSE DEBUG OBJECTEXTEND TABS(2)

line level    source

   1          #include<reg51.h>
   2          
   3          void delay(unsigned int);
   4          
   5          void delay(unsigned int j)
   6            {
   7   1          unsigned int i,k;
   8   1          for(i=0;i<j;i++)
   9   1            {
  10   2              for(k=0;k<1275;k++);
  11   2            }
  12   1        }
  13          void main()
  14            {
  15   1          int i;
  16   1          P2=0xff;
  17   1          while(1)
  18   1          {
  19   2            for(i=0;i<10;i++)
  20   2              {
  21   3                P2=i;
  22   3                delay(1000);
  23   3              }
  24   2          }
  25   1        }
  26              


MODULE INFORMATION:   STATIC OVERLAYABLE
   CODE SIZE        =     59    ----
   CONSTANT SIZE    =   ----    ----
   XDATA SIZE       =   ----    ----
   PDATA SIZE       =   ----    ----
   DATA SIZE        =   ----    ----
   IDATA SIZE       =   ----    ----
   BIT SIZE         =   ----    ----
END OF MODULE INFORMATION.


C51 COMPILATION COMPLETE.  0 WARNING(S),  0 ERROR(S)
