C51 COMPILER V9.53.0.0   MAIN                                                              07/07/2015 13:59:30 PAGE 1   


C51 COMPILER V9.53.0.0, COMPILATION OF MODULE MAIN
OBJECT MODULE PLACED IN main.OBJ
COMPILER INVOKED BY: C:\Keil_v5\C51\BIN\C51.EXE main.c OPTIMIZE(8,SPEED) BROWSE TABS(2)

line level    source

   1          #include<reg51.h>
   2          
   3          void delay()
   4            {
   5   1        unsigned int i;
   6   1        for(i=0;i<40000;i++);
   7   1        }
   8            
   9          void main()
  10            {
  11   1        unsigned char i;
  12   1        TMOD=0x20;   
  13   1        SCON=0x50;
  14   1        TH1=0xfd;    // 9600 in baud rate
  15   1        TR1=1;
  16   1        SBUF=0x50;
  17   1        while(TI==0);    // polling 
  18   1        TI=0;
  19   1        delay();
  20   1        while(1);
  21   1        }
*** WARNING C280 IN LINE 11 OF main.c: 'i': unreferenced local variable


MODULE INFORMATION:   STATIC OVERLAYABLE
   CODE SIZE        =     50    ----
   CONSTANT SIZE    =   ----    ----
   XDATA SIZE       =   ----    ----
   PDATA SIZE       =   ----    ----
   DATA SIZE        =   ----       1
   IDATA SIZE       =   ----    ----
   BIT SIZE         =   ----    ----
END OF MODULE INFORMATION.


C51 COMPILATION COMPLETE.  1 WARNING(S),  0 ERROR(S)
