C51 COMPILER V9.53.0.0   ADC_0804                                                          07/03/2015 10:59:19 PAGE 1   


C51 COMPILER V9.53.0.0, COMPILATION OF MODULE ADC_0804
OBJECT MODULE PLACED IN adc_0804.OBJ
COMPILER INVOKED BY: C:\Keil_v5\C51\BIN\C51.EXE adc_0804.c OPTIMIZE(8,SPEED) BROWSE DEBUG OBJECTEXTEND TABS(2)

line level    source

   1          #include<reg51.h>
   2          
   3          sbit RD1=P3^0;
   4          
   5          sbit WR1=P3^1;
   6          
   7          sbit INTR1=P3^2;   
   8          
   9          void read();
  10          void write();
  11          void delay();
  12          
  13          
  14           
  15          
  16          void main()
  17            {
  18   1        P3=0x04;
  19   1      
  20   1      //     while(1)
  21   1      //      {
  22   1          write();
  23   1          while(INTR1==0);
  24   1          read();
  25   1          delay();
  26   1      //    }
  27   1        }
  28          
  29          void delay()
  30            {
  31   1         unsigned int i;
  32   1         for(i=0;i<20000;i++);
  33   1        }
  34          
  35          
  36          void read()
  37            {
  38   1         RD1=1;
  39   1         delay();
  40   1         RD1=0;
  41   1        }
  42          
  43          void write()
  44            {
  45   1         WR1=0;
  46   1         delay();
  47   1         WR1=1;
  48   1        }


MODULE INFORMATION:   STATIC OVERLAYABLE
   CODE SIZE        =     46    ----
   CONSTANT SIZE    =   ----    ----
   XDATA SIZE       =   ----    ----
   PDATA SIZE       =   ----    ----
C51 COMPILER V9.53.0.0   ADC_0804                                                          07/03/2015 10:59:19 PAGE 2   

   DATA SIZE        =   ----    ----
   IDATA SIZE       =   ----    ----
   BIT SIZE         =   ----    ----
END OF MODULE INFORMATION.


C51 COMPILATION COMPLETE.  0 WARNING(S),  0 ERROR(S)
