C51 COMPILER V9.53.0.0   MAIN                                                              07/09/2015 15:52:53 PAGE 1   


C51 COMPILER V9.53.0.0, COMPILATION OF MODULE MAIN
OBJECT MODULE PLACED IN main.OBJ
COMPILER INVOKED BY: C:\Keil_v5\C51\BIN\C51.EXE main.c OPTIMIZE(8,SPEED) BROWSE DEBUG OBJECTEXTEND TABS(2)

line level    source

   1          #include<reg51.h>
   2          
   3          void delay(unsigned int);      // fxn prototype
   4          
   5          void delay(unsigned int j)       // fxn def
   6            {
   7   1          unsigned int i,k;
   8   1          for(i=0;i<j;i++)
   9   1              {
  10   2                for(k=0;k<1000;k++);
  11   2              }   
  12   1        }
  13          
  14          void main()
  15            {
  16   1          P1=0xff;    // 
  17   1          while(1)
  18   1            {
  19   2              P1=~P1;
  20   2              delay(1000);    // fxn call
  21   2      //        P1=0x00;
  22   2      //        delay(1);    // fxn call
  23   2            }
  24   1          }
  25                
  26            


MODULE INFORMATION:   STATIC OVERLAYABLE
   CODE SIZE        =     47    ----
   CONSTANT SIZE    =   ----    ----
   XDATA SIZE       =   ----    ----
   PDATA SIZE       =   ----    ----
   DATA SIZE        =   ----    ----
   IDATA SIZE       =   ----    ----
   BIT SIZE         =   ----    ----
END OF MODULE INFORMATION.


C51 COMPILATION COMPLETE.  0 WARNING(S),  0 ERROR(S)
