C51 COMPILER V9.53.0.0   MAIN                                                              07/01/2015 11:36:33 PAGE 1   


C51 COMPILER V9.53.0.0, COMPILATION OF MODULE MAIN
OBJECT MODULE PLACED IN main.OBJ
COMPILER INVOKED BY: C:\Keil_v5\C51\BIN\C51.EXE main.c OPTIMIZE(8,SPEED) BROWSE DEBUG OBJECTEXTEND TABS(2)

line level    source

   1          #include<reg51.h>
   2          
   3          //sbit seg1=P1^0;
   4          //sbit seg2=P1^1;
   5          //sbit seg3=P1^2;
   6          
   7          void delay();
   8          
   9          void delay()
  10            {
  11   1          unsigned int i;
  12   1          for(i=0;i<10000;i++);
  13   1        }
  14            
  15          void main()
  16            {
  17   1          unsigned int i,j,ar[]={0x3f,0x06,0x5b,0x4f,0x66,0x6d,0x7d,0x07,0x7f,0x6f};
  18   1          P2=0x00;
  19   1          
  20   1          while(1)
  21   1            {
  22   2              for(i=0;i<1000;i++)
  23   2                {
  24   3      /*            seg1=0;
  25   3                  seg2=1;
  26   3                  seg3=1;*/
  27   3                  P1=~0x04;
  28   3                  P2= ar[i/100];  //0
  29   3                  delay();
  30   3                  j=i%100;
  31   3                  P1=~0x02;
  32   3                  P2= ar[j/10];  //0
  33   3                  delay();
  34   3      //            delay();
  35   3                  P1=~0x01;
  36   3                  P2= ar[j%10];  //
  37   3                  delay();
  38   3                }
  39   2              }
  40   1          }
  41            


MODULE INFORMATION:   STATIC OVERLAYABLE
   CODE SIZE        =    127    ----
   CONSTANT SIZE    =     20    ----
   XDATA SIZE       =   ----    ----
   PDATA SIZE       =   ----    ----
   DATA SIZE        =   ----      22
   IDATA SIZE       =   ----    ----
   BIT SIZE         =   ----    ----
END OF MODULE INFORMATION.


C51 COMPILATION COMPLETE.  0 WARNING(S),  0 ERROR(S)
