C51 COMPILER V9.53.0.0   MAIN                                                              06/05/2015 17:10:05 PAGE 1   


C51 COMPILER V9.53.0.0, COMPILATION OF MODULE MAIN
OBJECT MODULE PLACED IN main.OBJ
COMPILER INVOKED BY: C:\Keil_v5\C51\BIN\C51.EXE main.c OPTIMIZE(8,SPEED) BROWSE DEBUG OBJECTEXTEND TABS(2)

line level    source

   1          #include<reg51.h>
   2          
   3          void delay(unsigned int);
   4          
   5          void delay(unsigned int i)
   6            {
   7   1          unsigned int y,z;
   8   1          for(y=0;y<i;y++)
   9   1            {
  10   2            for(z=0;z<1375;z++);
  11   2            }
  12   1        }
  13            
  14          void main()
  15            {
  16   1          P2=0x00;   // sets as output
  17   1          while(1)
  18   1            {
  19   2              P2=0x06;
  20   2              delay(100);
  21   2              P2=0x05;
  22   2              delay(100);
  23   2              P2=0x0a;
  24   2              delay(100);
  25   2              P2=0x09;
  26   2              delay(100);
  27   2            }
  28   1        }
  29            


MODULE INFORMATION:   STATIC OVERLAYABLE
   CODE SIZE        =     65    ----
   CONSTANT SIZE    =   ----    ----
   XDATA SIZE       =   ----    ----
   PDATA SIZE       =   ----    ----
   DATA SIZE        =   ----    ----
   IDATA SIZE       =   ----    ----
   BIT SIZE         =   ----    ----
END OF MODULE INFORMATION.


C51 COMPILATION COMPLETE.  0 WARNING(S),  0 ERROR(S)
